<?xml version="1.0" encoding="UTF-8"?>
<testsuite xmlns:xsi="http://www.w3.org/2001/XMLSchema-instance" xsi:noNamespaceSchemaLocation="https://maven.apache.org/surefire/maven-surefire-plugin/xsd/surefire-test-report.xsd" name="TestSuite" time="75.947" tests="2" errors="0" skipped="0" failures="2">
  <properties>
[...]
</properties>
  <testcase name="testLogin on testLogin(com.trendyol.test.Scenario1PAGETest)" classname="com.trendyol.test.Scenario1PAGETest" time="75.333">
    <failure message="Could not start a new session. Possible causes are invalid address of the remote server or browser start-up failure.&#10;Build info: version: &apos;3.141.59&apos;, revision: &apos;e82be7d358&apos;, time: &apos;2018-11-14T08:17:03&apos;&#10;System info: host: &apos;6d7f891791e6&apos;, ip: &apos;172.18.0.3&apos;, os.name: &apos;Linux&apos;, os.arch: &apos;aarch64&apos;, os.version: &apos;6.5.11-linuxkit&apos;, java.version: &apos;17.0.9&apos;&#10;Driver info: driver.version: RemoteWebDriver" type="org.openqa.selenium.remote.UnreachableBrowserException">org.openqa.selenium.remote.UnreachableBrowserException: 
Could not start a new session. Possible causes are invalid address of the remote server or browser start-up failure.
Build info: version: '3.141.59', revision: 'e82be7d358', time: '2018-11-14T08:17:03'
System info: host: '6d7f891791e6', ip: '172.18.0.3', os.name: 'Linux', os.arch: 'aarch64', os.version: '6.5.11-linuxkit', java.version: '17.0.9'
Driver info: driver.version: RemoteWebDriver
Caused by: java.net.ConnectException: Failed to connect to /172.21.0.2:4444
Caused by: java.net.ConnectException: Connection refused
</failure>
    <system-out><![CDATA[[INFO ] 2023-12-06 19:17:26.443 [main] Scenario1PAGETest - **************** Test started ****************
]]></system-out>
    <system-err><![CDATA[Dec 06, 2023 7:17:26 PM org.openqa.selenium.remote.DesiredCapabilities chrome
INFO: Using `new ChromeOptions()` is preferred to `DesiredCapabilities.chrome()`
]]></system-err>
  </testcase>
  <testcase name="testLogin on testLogin(com.trendyol.test.Scenario1PAGETest)" classname="com.trendyol.test.Scenario1PAGETest" time="75.334">
    <failure message="Cannot invoke &quot;org.openqa.selenium.WebDriver.quit()&quot; because the return value of &quot;com.trendyol.test.Scenario1PAGETest.getWebDriver()&quot; is null" type="java.lang.NullPointerException">java.lang.NullPointerException: Cannot invoke "org.openqa.selenium.WebDriver.quit()" because the return value of "com.trendyol.test.Scenario1PAGETest.getWebDriver()" is null
	at com.trendyol.test.Scenario1PAGETest.after(Scenario1PAGETest.java:61)
</failure>
  </testcase>
</testsuite>