<?xml version="1.0" encoding="UTF-8"?>
<testsuite xmlns:xsi="http://www.w3.org/2001/XMLSchema-instance" xsi:noNamespaceSchemaLocation="https://maven.apache.org/surefire/maven-failsafe-plugin/xsd/failsafe-test-report.xsd" name="Search Scenarios" time="5.645" tests="2" errors="2" skipped="0" failures="0">
  <properties>
[...]
</properties>
  <testcase name="Successfully search" classname="Search Scenarios" time="5.645">
    <error message="Could not start a new session. Possible causes are invalid address of the remote server or browser start-up failure. &#10;Host info: host: &apos;192.168.1.40&apos;, ip: &apos;fe80:0:0:0:4ab:15de:e79:71eb%en0&apos;&#10;Build info: version: &apos;4.12.1&apos;, revision: &apos;8e34639b11&apos;&#10;System info: os.name: &apos;Mac OS X&apos;, os.arch: &apos;aarch64&apos;, os.version: &apos;14.1.2&apos;, java.version: &apos;21.0.1&apos;&#10;Driver info: org.openqa.selenium.remote.RemoteWebDriver&#10;Command: [null, newSession {capabilities=[Capabilities {browserName: chrome, goog:chromeOptions: {args: [--remote-allow-origins=*, disable-translate, disable-notifications, enable-automation, --headless], extensions: []}}]}]&#10;Capabilities {browserName: chrome, goog:chromeOptions: {args: [--remote-allow-origins=*, disable-translate, disable-notifications, enable-automation, --headless], extensions: []}}" type="org.openqa.selenium.SessionNotCreatedException">org.openqa.selenium.SessionNotCreatedException: 
Could not start a new session. Possible causes are invalid address of the remote server or browser start-up failure. 
Host info: host: '192.168.1.40', ip: 'fe80:0:0:0:4ab:15de:e79:71eb%en0'
Build info: version: '4.12.1', revision: '8e34639b11'
System info: os.name: 'Mac OS X', os.arch: 'aarch64', os.version: '14.1.2', java.version: '21.0.1'
Driver info: org.openqa.selenium.remote.RemoteWebDriver
Command: [null, newSession {capabilities=[Capabilities {browserName: chrome, goog:chromeOptions: {args: [--remote-allow-origins=*, disable-translate, disable-notifications, enable-automation, --headless], extensions: []}}]}]
Capabilities {browserName: chrome, goog:chromeOptions: {args: [--remote-allow-origins=*, disable-translate, disable-notifications, enable-automation, --headless], extensions: []}}
Caused by: java.io.UncheckedIOException: java.net.UnknownHostException: selenium-hub: nodename nor servname provided, or not known
Caused by: java.net.UnknownHostException: selenium-hub: nodename nor servname provided, or not known
</error>
    <system-out><![CDATA[
@Search
Scenario: Successfully search                                          &amp#27;[90m# src/test/java/resources/parallel/SearchTest.feature:7&amp#27;[0m
[DEBUG] 2024-01-14 17:58:22.663 [pool-1-thread-2] InternalLoggerFactory - Using Log4J2 as the default logging framework
[DEBUG] 2024-01-14 17:58:22.665 [pool-1-thread-2] ResourceLeakDetector - -Dio.netty.leakDetection.level: simple
[DEBUG] 2024-01-14 17:58:22.665 [pool-1-thread-2] ResourceLeakDetector - -Dio.netty.leakDetection.targetRecords: 4
[DEBUG] 2024-01-14 17:58:22.668 [pool-1-thread-2] ResourceLeakDetectorFactory - Loaded default ResourceLeakDetector: io.netty.util.ResourceLeakDetector@4edc207b
[DEBUG] 2024-01-14 17:58:22.675 [pool-1-thread-2] PlatformDependent0 - -Dio.netty.noUnsafe: false
[DEBUG] 2024-01-14 17:58:22.675 [pool-1-thread-2] PlatformDependent0 - Java version: 21
[DEBUG] 2024-01-14 17:58:22.676 [pool-1-thread-2] PlatformDependent0 - sun.misc.Unsafe.theUnsafe: available
[DEBUG] 2024-01-14 17:58:22.676 [pool-1-thread-2] PlatformDependent0 - sun.misc.Unsafe.copyMemory: available
[DEBUG] 2024-01-14 17:58:22.676 [pool-1-thread-2] PlatformDependent0 - sun.misc.Unsafe.storeFence: available
[DEBUG] 2024-01-14 17:58:22.677 [pool-1-thread-2] PlatformDependent0 - java.nio.Buffer.address: available
[DEBUG] 2024-01-14 17:58:22.677 [pool-1-thread-2] PlatformDependent0 - direct buffer constructor: unavailable: Reflective setAccessible(true) disabled
[DEBUG] 2024-01-14 17:58:22.677 [pool-1-thread-2] PlatformDependent0 - java.nio.Bits.unaligned: available, true
[DEBUG] 2024-01-14 17:58:22.677 [pool-1-thread-2] PlatformDependent0 - jdk.internal.misc.Unsafe.allocateUninitializedArray(int): unavailable: class io.netty.util.internal.PlatformDependent0$7 cannot access class jdk.internal.misc.Unsafe (in module java.base) because module java.base does not export jdk.internal.misc to unnamed module @5b2c883c
[DEBUG] 2024-01-14 17:58:22.678 [pool-1-thread-2] PlatformDependent0 - java.nio.DirectByteBuffer.<init>(long, {int,long}): unavailable
[DEBUG] 2024-01-14 17:58:22.678 [pool-1-thread-2] PlatformDependent - sun.misc.Unsafe: available
[DEBUG] 2024-01-14 17:58:22.678 [pool-1-thread-2] PlatformDependent - maxDirectMemory: 4294967296 bytes (maybe)
[DEBUG] 2024-01-14 17:58:22.678 [pool-1-thread-2] PlatformDependent - -Dio.netty.tmpdir: /var/folders/d5/3wggp69s5bg5ngb84yjhswsc0000gn/T (java.io.tmpdir)
[DEBUG] 2024-01-14 17:58:22.679 [pool-1-thread-2] PlatformDependent - -Dio.netty.bitMode: 64 (sun.arch.data.model)
[DEBUG] 2024-01-14 17:58:22.679 [pool-1-thread-2] PlatformDependent - Platform: MacOS
[DEBUG] 2024-01-14 17:58:22.679 [pool-1-thread-2] PlatformDependent - -Dio.netty.maxDirectMemory: -1 bytes
[DEBUG] 2024-01-14 17:58:22.679 [pool-1-thread-2] PlatformDependent - -Dio.netty.uninitializedArrayAllocationThreshold: -1
[DEBUG] 2024-01-14 17:58:22.679 [pool-1-thread-2] CleanerJava9 - java.nio.ByteBuffer.cleaner(): available
[DEBUG] 2024-01-14 17:58:22.680 [pool-1-thread-2] PlatformDependent - -Dio.netty.noPreferDirect: false
[DEBUG] 2024-01-14 17:58:22.684 [pool-1-thread-2] PlatformDependent - org.jctools-core.MpscChunkedArrayQueue: available
[DEBUG] 2024-01-14 17:58:22.699 [pool-1-thread-2] InternalThreadLocalMap - -Dio.netty.threadLocalMap.stringBuilder.initialSize: 1024
[DEBUG] 2024-01-14 17:58:22.699 [pool-1-thread-2] InternalThreadLocalMap - -Dio.netty.threadLocalMap.stringBuilder.maxSize: 4096
[DEBUG] 2024-01-14 17:58:22.794 [pool-1-thread-2] JdkSslContext - Default protocols (JDK): [TLSv1.3, TLSv1.2] 
[DEBUG] 2024-01-14 17:58:22.795 [pool-1-thread-2] JdkSslContext - Default cipher suites (JDK): [TLS_ECDHE_ECDSA_WITH_AES_256_GCM_SHA384, TLS_ECDHE_ECDSA_WITH_AES_128_GCM_SHA256, TLS_ECDHE_RSA_WITH_AES_128_GCM_SHA256, TLS_ECDHE_RSA_WITH_AES_256_GCM_SHA384, TLS_ECDHE_RSA_WITH_AES_128_CBC_SHA, TLS_ECDHE_RSA_WITH_AES_256_CBC_SHA, TLS_RSA_WITH_AES_128_GCM_SHA256, TLS_RSA_WITH_AES_128_CBC_SHA, TLS_RSA_WITH_AES_256_CBC_SHA, TLS_AES_128_GCM_SHA256, TLS_AES_256_GCM_SHA384]
[DEBUG] 2024-01-14 17:58:22.800 [pool-1-thread-2] GlobalEventExecutor - -Dio.netty.globalEventExecutor.quietPeriodSeconds: 1
[DEBUG] 2024-01-14 17:58:22.805 [pool-1-thread-2] MultithreadEventLoopGroup - -Dio.netty.eventLoopThreads: 20
[DEBUG] 2024-01-14 17:58:22.809 [pool-1-thread-2] NioEventLoop - -Dio.netty.noKeySetOptimization: false
[DEBUG] 2024-01-14 17:58:22.809 [pool-1-thread-2] NioEventLoop - -Dio.netty.selectorAutoRebuildThreshold: 512
[DEBUG] 2024-01-14 17:58:22.822 [pool-1-thread-2] PooledByteBufAllocator - -Dio.netty.allocator.numHeapArenas: 20
[DEBUG] 2024-01-14 17:58:22.822 [pool-1-thread-2] PooledByteBufAllocator - -Dio.netty.allocator.numDirectArenas: 20
[DEBUG] 2024-01-14 17:58:22.822 [pool-1-thread-2] PooledByteBufAllocator - -Dio.netty.allocator.pageSize: 8192
[DEBUG] 2024-01-14 17:58:22.822 [pool-1-thread-2] PooledByteBufAllocator - -Dio.netty.allocator.maxOrder: 9
[DEBUG] 2024-01-14 17:58:22.822 [pool-1-thread-2] PooledByteBufAllocator - -Dio.netty.allocator.chunkSize: 4194304
[DEBUG] 2024-01-14 17:58:22.822 [pool-1-thread-2] PooledByteBufAllocator - -Dio.netty.allocator.smallCacheSize: 256
[DEBUG] 2024-01-14 17:58:22.822 [pool-1-thread-2] PooledByteBufAllocator - -Dio.netty.allocator.normalCacheSize: 64
[DEBUG] 2024-01-14 17:58:22.822 [pool-1-thread-2] PooledByteBufAllocator - -Dio.netty.allocator.maxCachedBufferCapacity: 32768
[DEBUG] 2024-01-14 17:58:22.822 [pool-1-thread-2] PooledByteBufAllocator - -Dio.netty.allocator.cacheTrimInterval: 8192
[DEBUG] 2024-01-14 17:58:22.822 [pool-1-thread-2] PooledByteBufAllocator - -Dio.netty.allocator.cacheTrimIntervalMillis: 0
[DEBUG] 2024-01-14 17:58:22.822 [pool-1-thread-2] PooledByteBufAllocator - -Dio.netty.allocator.useCacheForAllThreads: false
[DEBUG] 2024-01-14 17:58:22.822 [pool-1-thread-2] PooledByteBufAllocator - -Dio.netty.allocator.maxCachedByteBuffersPerChunk: 1023
[DEBUG] 2024-01-14 17:58:22.826 [pool-1-thread-2] ByteBufUtil - -Dio.netty.allocator.type: pooled
[DEBUG] 2024-01-14 17:58:22.826 [pool-1-thread-2] ByteBufUtil - -Dio.netty.threadLocalDirectBufferSize: 0
[DEBUG] 2024-01-14 17:58:22.826 [pool-1-thread-2] ByteBufUtil - -Dio.netty.maxThreadLocalCharBufferSize: 16384
      &amp#27;[31morg.openqa.selenium.SessionNotCreatedException: Could not start a new session. Possible causes are invalid address of the remote server or browser start-up failure. 
Host info: host: '192.168.1.40', ip: 'fe80:0:0:0:4ab:15de:e79:71eb%en0'
Build info: version: '4.12.1', revision: '8e34639b11'
System info: os.name: 'Mac OS X', os.arch: 'aarch64', os.version: '14.1.2', java.version: '21.0.1'
Driver info: org.openqa.selenium.remote.RemoteWebDriver
Command: [null, newSession {capabilities=[Capabilities {browserName: chrome, goog:chromeOptions: {args: [--remote-allow-origins=*, disable-translate, disable-notifications, enable-automation, --headless], extensions: []}}]}]
Capabilities {browserName: chrome, goog:chromeOptions: {args: [--remote-allow-origins=*, disable-translate, disable-notifications, enable-automation, --headless], extensions: []}}
	at org.openqa.selenium.remote.RemoteWebDriver.execute(RemoteWebDriver.java:620)
	at org.openqa.selenium.remote.RemoteWebDriver.startSession(RemoteWebDriver.java:236)
	at org.openqa.selenium.remote.RemoteWebDriver.<init>(RemoteWebDriver.java:163)
	at org.openqa.selenium.remote.RemoteWebDriver.<init>(RemoteWebDriver.java:143)
	at base.BaseTest.setUp(BaseTest.java:62)
Caused by: java.io.UncheckedIOException: java.net.UnknownHostException: selenium-hub: nodename nor servname provided, or not known
	at org.openqa.selenium.remote.http.netty.NettyHttpHandler.makeCall(NettyHttpHandler.java:73)
	at org.openqa.selenium.remote.http.AddSeleniumUserAgent.lambda$apply$0(AddSeleniumUserAgent.java:42)
	at org.openqa.selenium.remote.http.Filter.lambda$andFinally$1(Filter.java:55)
	at org.openqa.selenium.remote.http.netty.NettyHttpHandler.execute(NettyHttpHandler.java:48)
	at org.openqa.selenium.remote.http.netty.NettyClient.execute(NettyClient.java:96)
	at org.openqa.selenium.remote.tracing.TracedHttpClient.execute(TracedHttpClient.java:54)
	at org.openqa.selenium.remote.ProtocolHandshake.createSession(ProtocolHandshake.java:115)
	at org.openqa.selenium.remote.ProtocolHandshake.createSession(ProtocolHandshake.java:96)
	at org.openqa.selenium.remote.ProtocolHandshake.createSession(ProtocolHandshake.java:68)
	at org.openqa.selenium.remote.HttpCommandExecutor.execute(HttpCommandExecutor.java:163)
	at org.openqa.selenium.remote.TracedCommandExecutor.execute(TracedCommandExecutor.java:51)
	at org.openqa.selenium.remote.RemoteWebDriver.execute(RemoteWebDriver.java:602)
	at org.openqa.selenium.remote.RemoteWebDriver.startSession(RemoteWebDriver.java:236)
	at org.openqa.selenium.remote.RemoteWebDriver.<init>(RemoteWebDriver.java:163)
	at org.openqa.selenium.remote.RemoteWebDriver.<init>(RemoteWebDriver.java:143)
	at base.BaseTest.setUp(BaseTest.java:62)
	at java.base/jdk.internal.reflect.DirectMethodHandleAccessor.invoke(DirectMethodHandleAccessor.java:103)
	at java.base/java.lang.reflect.Method.invoke(Method.java:580)
	at io.cucumber.java.Invoker.doInvoke(Invoker.java:66)
	at io.cucumber.java.Invoker.invoke(Invoker.java:24)
	at io.cucumber.java.AbstractGlueDefinition.invokeMethod(AbstractGlueDefinition.java:47)
	at io.cucumber.java.JavaHookDefinition.execute(JavaHookDefinition.java:64)
	at io.cucumber.core.runner.CoreHookDefinition.execute(CoreHookDefinition.java:46)
	at io.cucumber.core.runner.HookDefinitionMatch.runStep(HookDefinitionMatch.java:21)
	at io.cucumber.core.runner.ExecutionMode$1.execute(ExecutionMode.java:10)
	at io.cucumber.core.runner.TestStep.executeStep(TestStep.java:84)
	at io.cucumber.core.runner.TestStep.run(TestStep.java:56)
	at io.cucumber.core.runner.TestCase.run(TestCase.java:78)
	at io.cucumber.core.runner.Runner.runPickle(Runner.java:75)
	at io.cucumber.junit.PickleRunners$NoStepDescriptions.lambda$run$0(PickleRunners.java:151)
	at io.cucumber.core.runtime.CucumberExecutionContext.lambda$runTestCase$5(CucumberExecutionContext.java:137)
	at io.cucumber.core.runtime.RethrowingThrowableCollector.executeAndThrow(RethrowingThrowableCollector.java:23)
	at io.cucumber.core.runtime.CucumberExecutionContext.runTestCase(CucumberExecutionContext.java:137)
	at io.cucumber.junit.PickleRunners$NoStepDescriptions.run(PickleRunners.java:148)
	at io.cucumber.junit.FeatureRunner.runChild(FeatureRunner.java:144)
	at io.cucumber.junit.FeatureRunner.runChild(FeatureRunner.java:28)
	at org.junit.runners.ParentRunner$4.run(ParentRunner.java:331)
	at org.junit.runners.ParentRunner$1.schedule(ParentRunner.java:79)
	at org.junit.runners.ParentRunner.runChildren(ParentRunner.java:329)
	at org.junit.runners.ParentRunner.access$100(ParentRunner.java:66)
	at org.junit.runners.ParentRunner$2.evaluate(ParentRunner.java:293)
	at org.junit.runners.ParentRunner$3.evaluate(ParentRunner.java:306)
	at org.junit.runners.ParentRunner.run(ParentRunner.java:413)
	at io.cucumber.junit.FeatureRunner.run(FeatureRunner.java:137)
	at io.cucumber.junit.Cucumber.runChild(Cucumber.java:196)
	at io.cucumber.junit.Cucumber.runChild(Cucumber.java:89)
	at org.junit.runners.ParentRunner$4.run(ParentRunner.java:331)
	at org.apache.maven.surefire.junitcore.pc.Scheduler$1.run(Scheduler.java:410)
	at java.base/java.util.concurrent.Executors$RunnableAdapter.call(Executors.java:572)
	at java.base/java.util.concurrent.FutureTask.run(FutureTask.java:317)
	at java.base/java.util.concurrent.ThreadPoolExecutor.runWorker(ThreadPoolExecutor.java:1144)
	at java.base/java.util.concurrent.ThreadPoolExecutor$Worker.run(ThreadPoolExecutor.java:642)
	at java.base/java.lang.Thread.run(Thread.java:1583)
Caused by: java.net.UnknownHostException: selenium-hub: nodename nor servname provided, or not known
	at java.base/java.net.Inet6AddressImpl.lookupAllHostAddr(Native Method)
	at java.base/java.net.Inet6AddressImpl.lookupAllHostAddr(Inet6AddressImpl.java:52)
	at java.base/java.net.InetAddress$PlatformResolver.lookupByName(InetAddress.java:1211)
	at java.base/java.net.InetAddress.getAddressesFromNameService(InetAddress.java:1828)
	at java.base/java.net.InetAddress$NameServiceAddresses.get(InetAddress.java:1139)
	at java.base/java.net.InetAddress.getAllByName0(InetAddress.java:1818)
	at java.base/java.net.InetAddress.getAllByName(InetAddress.java:1688)
	at io.netty.util.internal.SocketUtils$9.run(SocketUtils.java:169)
	at io.netty.util.internal.SocketUtils$9.run(SocketUtils.java:166)
	at java.base/java.security.AccessController.doPrivileged(AccessController.java:571)
	at io.netty.util.internal.SocketUtils.allAddressesByName(SocketUtils.java:166)
	at io.netty.resolver.DefaultNameResolver.doResolveAll(DefaultNameResolver.java:50)
	at io.netty.resolver.SimpleNameResolver.resolveAll(SimpleNameResolver.java:79)
	at io.netty.resolver.SimpleNameResolver.resolveAll(SimpleNameResolver.java:71)
	at org.asynchttpclient.resolver.RequestHostnameResolver.resolve(RequestHostnameResolver.java:50)
	at org.asynchttpclient.netty.request.NettyRequestSender.resolveAddresses(NettyRequestSender.java:364)
	at org.asynchttpclient.netty.request.NettyRequestSender.sendRequestWithNewChannel(NettyRequestSender.java:307)
	at org.asynchttpclient.netty.request.NettyRequestSender.sendRequestWithCertainForceConnect(NettyRequestSender.java:143)
	at org.asynchttpclient.netty.request.NettyRequestSender.sendRequest(NettyRequestSender.java:114)
	at org.asynchttpclient.DefaultAsyncHttpClient.execute(DefaultAsyncHttpClient.java:259)
	at org.asynchttpclient.DefaultAsyncHttpClient.executeRequest(DefaultAsyncHttpClient.java:228)
	at org.asynchttpclient.DefaultAsyncHttpClient.executeRequest(DefaultAsyncHttpClient.java:249)
	at org.openqa.selenium.remote.http.netty.NettyHttpHandler.makeCall(NettyHttpHandler.java:55)
	... 52 more
&amp#27;[0m
  &amp#27;[36mGiven &amp#27;[0m&amp#27;[36mGo to n11 home page&amp#27;[0m                                            &amp#27;[90m# parallel.SearchSteps.goToN11()&amp#27;[0m
  &amp#27;[36mWhen &amp#27;[0m&amp#27;[36mSearch the key from config&amp#27;[0m                                      &amp#27;[90m# parallel.SearchSteps.searchKey()&amp#27;[0m
  &amp#27;[36mAnd &amp#27;[0m&amp#27;[36mClick on the search icon&amp#27;[0m                                         &amp#27;[90m# parallel.SearchSteps.clickSearchIcon()&amp#27;[0m
  &amp#27;[36mThen &amp#27;[0m&amp#27;[36mCheck that the current url contains the key value&amp#27;[0m               &amp#27;[90m# parallel.SearchSteps.checkSearchUrl()&amp#27;[0m
  &amp#27;[36mThen &amp#27;[0m&amp#27;[36mCheck that the necessary text fields are equal to the key value&amp#27;[0m &amp#27;[90m# parallel.SearchSteps.checkSearchTextFields()&amp#27;[0m
      &amp#27;[31mjava.lang.NullPointerException: Cannot invoke "org.openqa.selenium.TakesScreenshot.getScreenshotAs(org.openqa.selenium.OutputType)" because "base.BaseTest.webDriver" is null
	at base.BaseTest.takeScreenshot(BaseTest.java:99)
	at base.BaseTest.tearDown(BaseTest.java:91)
&amp#27;[0m
]]></system-out>
    <system-err><![CDATA[SLF4J: Failed to load class "org.slf4j.impl.StaticLoggerBinder".
SLF4J: Defaulting to no-operation (NOP) logger implementation
SLF4J: See http://www.slf4j.org/codes.html#StaticLoggerBinder for further details.
]]></system-err>
  </testcase>
  <testcase name="Successfully search" classname="Search Scenarios" time="0">
    <error message="Cannot invoke &quot;org.openqa.selenium.TakesScreenshot.getScreenshotAs(org.openqa.selenium.OutputType)&quot; because &quot;base.BaseTest.webDriver&quot; is null" type="java.lang.NullPointerException">java.lang.NullPointerException: Cannot invoke "org.openqa.selenium.TakesScreenshot.getScreenshotAs(org.openqa.selenium.OutputType)" because "base.BaseTest.webDriver" is null
</error>
  </testcase>
</testsuite>