<?xml version="1.0" encoding="UTF-8"?>
<testsuite xmlns:xsi="http://www.w3.org/2001/XMLSchema-instance" xsi:noNamespaceSchemaLocation="https://maven.apache.org/surefire/maven-failsafe-plugin/xsd/failsafe-test-report.xsd" name="Login Scenarios" time="8.34" tests="2" errors="2" skipped="0" failures="0">
  <properties>
[...]
</properties>
  <testcase name="Successfully Login" classname="Login Scenarios" time="8.34">
    <error message="Session ID is null. Using WebDriver after calling quit()?&#10;Build info: version: &apos;4.12.1&apos;, revision: &apos;8e34639b11&apos;&#10;System info: os.name: &apos;Mac OS X&apos;, os.arch: &apos;aarch64&apos;, os.version: &apos;14.1.2&apos;, java.version: &apos;21.0.1&apos;&#10;Driver info: org.openqa.selenium.remote.RemoteWebDriver&#10;Command: [null, findElement {using=xpath, value=//*[@automation=&apos;submitButton&apos;]}]&#10;Capabilities {acceptInsecureCerts: false, browserName: chrome, browserVersion: 117.0.5938.62, chrome: {chromedriverVersion: 117.0.5938.62 (25a7172909a4..., userDataDir: /tmp/.org.chromium.Chromium...}, fedcm:accounts: true, goog:chromeOptions: {debuggerAddress: localhost:43079}, networkConnectionEnabled: false, pageLoadStrategy: normal, platformName: linux, proxy: Proxy(), se:bidiEnabled: false, se:cdp: ws://172.19.0.3:4444/sessio..., se:cdpVersion: 117.0.5938.62, se:vnc: ws://172.19.0.3:4444/sessio..., se:vncEnabled: true, se:vncLocalAddress: ws://172.19.0.3:7900, setWindowRect: true, strictFileInteractability: false, timeouts: {implicit: 0, pageLoad: 300000, script: 30000}, unhandledPromptBehavior: dismiss and notify, webauthn:extension:credBlob: true, webauthn:extension:largeBlob: true, webauthn:extension:minPinLength: true, webauthn:extension:prf: true, webauthn:virtualAuthenticators: true}" type="org.openqa.selenium.NoSuchSessionException">org.openqa.selenium.NoSuchSessionException: 
Session ID is null. Using WebDriver after calling quit()?
Build info: version: '4.12.1', revision: '8e34639b11'
System info: os.name: 'Mac OS X', os.arch: 'aarch64', os.version: '14.1.2', java.version: '21.0.1'
Driver info: org.openqa.selenium.remote.RemoteWebDriver
Command: [null, findElement {using=xpath, value=//*[@automation='submitButton']}]
Capabilities {acceptInsecureCerts: false, browserName: chrome, browserVersion: 117.0.5938.62, chrome: {chromedriverVersion: 117.0.5938.62 (25a7172909a4..., userDataDir: /tmp/.org.chromium.Chromium...}, fedcm:accounts: true, goog:chromeOptions: {debuggerAddress: localhost:43079}, networkConnectionEnabled: false, pageLoadStrategy: normal, platformName: linux, proxy: Proxy(), se:bidiEnabled: false, se:cdp: ws://172.19.0.3:4444/sessio..., se:cdpVersion: 117.0.5938.62, se:vnc: ws://172.19.0.3:4444/sessio..., se:vncEnabled: true, se:vncLocalAddress: ws://172.19.0.3:7900, setWindowRect: true, strictFileInteractability: false, timeouts: {implicit: 0, pageLoad: 300000, script: 30000}, unhandledPromptBehavior: dismiss and notify, webauthn:extension:credBlob: true, webauthn:extension:largeBlob: true, webauthn:extension:minPinLength: true, webauthn:extension:prf: true, webauthn:virtualAuthenticators: true}
</error>
    <system-out><![CDATA[
@Login
Scenario: Successfully Login          &amp#27;[90m# src/test/java/resources/parallel/LoginTests.feature:6&amp#27;[0m
[DEBUG] 2024-01-14 18:00:26.540 [pool-1-thread-1] InternalLoggerFactory - Using Log4J2 as the default logging framework
[DEBUG] 2024-01-14 18:00:26.543 [pool-1-thread-1] ResourceLeakDetector - -Dio.netty.leakDetection.level: simple
[DEBUG] 2024-01-14 18:00:26.543 [pool-1-thread-1] ResourceLeakDetector - -Dio.netty.leakDetection.targetRecords: 4
[DEBUG] 2024-01-14 18:00:26.545 [pool-1-thread-1] ResourceLeakDetectorFactory - Loaded default ResourceLeakDetector: io.netty.util.ResourceLeakDetector@439d14e6
[DEBUG] 2024-01-14 18:00:26.558 [pool-1-thread-1] PlatformDependent0 - -Dio.netty.noUnsafe: false
[DEBUG] 2024-01-14 18:00:26.558 [pool-1-thread-1] PlatformDependent0 - Java version: 21
[DEBUG] 2024-01-14 18:00:26.559 [pool-1-thread-1] PlatformDependent0 - sun.misc.Unsafe.theUnsafe: available
[DEBUG] 2024-01-14 18:00:26.559 [pool-1-thread-1] PlatformDependent0 - sun.misc.Unsafe.copyMemory: available
[DEBUG] 2024-01-14 18:00:26.559 [pool-1-thread-1] PlatformDependent0 - sun.misc.Unsafe.storeFence: available
[DEBUG] 2024-01-14 18:00:26.559 [pool-1-thread-1] PlatformDependent0 - java.nio.Buffer.address: available
[DEBUG] 2024-01-14 18:00:26.560 [pool-1-thread-1] PlatformDependent0 - direct buffer constructor: unavailable: Reflective setAccessible(true) disabled
[DEBUG] 2024-01-14 18:00:26.560 [pool-1-thread-1] PlatformDependent0 - java.nio.Bits.unaligned: available, true
[DEBUG] 2024-01-14 18:00:26.560 [pool-1-thread-1] PlatformDependent0 - jdk.internal.misc.Unsafe.allocateUninitializedArray(int): unavailable: class io.netty.util.internal.PlatformDependent0$7 cannot access class jdk.internal.misc.Unsafe (in module java.base) because module java.base does not export jdk.internal.misc to unnamed module @5b2c883c
[DEBUG] 2024-01-14 18:00:26.561 [pool-1-thread-1] PlatformDependent0 - java.nio.DirectByteBuffer.<init>(long, {int,long}): unavailable
[DEBUG] 2024-01-14 18:00:26.561 [pool-1-thread-1] PlatformDependent - sun.misc.Unsafe: available
[DEBUG] 2024-01-14 18:00:26.561 [pool-1-thread-1] PlatformDependent - maxDirectMemory: 4294967296 bytes (maybe)
[DEBUG] 2024-01-14 18:00:26.562 [pool-1-thread-1] PlatformDependent - -Dio.netty.tmpdir: /var/folders/d5/3wggp69s5bg5ngb84yjhswsc0000gn/T (java.io.tmpdir)
[DEBUG] 2024-01-14 18:00:26.562 [pool-1-thread-1] PlatformDependent - -Dio.netty.bitMode: 64 (sun.arch.data.model)
[DEBUG] 2024-01-14 18:00:26.562 [pool-1-thread-1] PlatformDependent - Platform: MacOS
[DEBUG] 2024-01-14 18:00:26.562 [pool-1-thread-1] PlatformDependent - -Dio.netty.maxDirectMemory: -1 bytes
[DEBUG] 2024-01-14 18:00:26.562 [pool-1-thread-1] PlatformDependent - -Dio.netty.uninitializedArrayAllocationThreshold: -1
[DEBUG] 2024-01-14 18:00:26.563 [pool-1-thread-1] CleanerJava9 - java.nio.ByteBuffer.cleaner(): available
[DEBUG] 2024-01-14 18:00:26.563 [pool-1-thread-1] PlatformDependent - -Dio.netty.noPreferDirect: false
[DEBUG] 2024-01-14 18:00:26.565 [pool-1-thread-1] PlatformDependent - org.jctools-core.MpscChunkedArrayQueue: available
[DEBUG] 2024-01-14 18:00:26.579 [pool-1-thread-1] InternalThreadLocalMap - -Dio.netty.threadLocalMap.stringBuilder.initialSize: 1024
[DEBUG] 2024-01-14 18:00:26.580 [pool-1-thread-1] InternalThreadLocalMap - -Dio.netty.threadLocalMap.stringBuilder.maxSize: 4096
[DEBUG] 2024-01-14 18:00:26.684 [pool-1-thread-1] JdkSslContext - Default protocols (JDK): [TLSv1.3, TLSv1.2] 
[DEBUG] 2024-01-14 18:00:26.684 [pool-1-thread-1] JdkSslContext - Default cipher suites (JDK): [TLS_ECDHE_ECDSA_WITH_AES_256_GCM_SHA384, TLS_ECDHE_ECDSA_WITH_AES_128_GCM_SHA256, TLS_ECDHE_RSA_WITH_AES_128_GCM_SHA256, TLS_ECDHE_RSA_WITH_AES_256_GCM_SHA384, TLS_ECDHE_RSA_WITH_AES_128_CBC_SHA, TLS_ECDHE_RSA_WITH_AES_256_CBC_SHA, TLS_RSA_WITH_AES_128_GCM_SHA256, TLS_RSA_WITH_AES_128_CBC_SHA, TLS_RSA_WITH_AES_256_CBC_SHA, TLS_AES_128_GCM_SHA256, TLS_AES_256_GCM_SHA384]
[DEBUG] 2024-01-14 18:00:26.690 [pool-1-thread-1] GlobalEventExecutor - -Dio.netty.globalEventExecutor.quietPeriodSeconds: 1
[DEBUG] 2024-01-14 18:00:26.695 [pool-1-thread-1] MultithreadEventLoopGroup - -Dio.netty.eventLoopThreads: 20
[DEBUG] 2024-01-14 18:00:26.699 [pool-1-thread-1] NioEventLoop - -Dio.netty.noKeySetOptimization: false
[DEBUG] 2024-01-14 18:00:26.700 [pool-1-thread-1] NioEventLoop - -Dio.netty.selectorAutoRebuildThreshold: 512
[DEBUG] 2024-01-14 18:00:26.713 [pool-1-thread-1] PooledByteBufAllocator - -Dio.netty.allocator.numHeapArenas: 20
[DEBUG] 2024-01-14 18:00:26.713 [pool-1-thread-1] PooledByteBufAllocator - -Dio.netty.allocator.numDirectArenas: 20
[DEBUG] 2024-01-14 18:00:26.713 [pool-1-thread-1] PooledByteBufAllocator - -Dio.netty.allocator.pageSize: 8192
[DEBUG] 2024-01-14 18:00:26.714 [pool-1-thread-1] PooledByteBufAllocator - -Dio.netty.allocator.maxOrder: 9
[DEBUG] 2024-01-14 18:00:26.714 [pool-1-thread-1] PooledByteBufAllocator - -Dio.netty.allocator.chunkSize: 4194304
[DEBUG] 2024-01-14 18:00:26.714 [pool-1-thread-1] PooledByteBufAllocator - -Dio.netty.allocator.smallCacheSize: 256
[DEBUG] 2024-01-14 18:00:26.714 [pool-1-thread-1] PooledByteBufAllocator - -Dio.netty.allocator.normalCacheSize: 64
[DEBUG] 2024-01-14 18:00:26.714 [pool-1-thread-1] PooledByteBufAllocator - -Dio.netty.allocator.maxCachedBufferCapacity: 32768
[DEBUG] 2024-01-14 18:00:26.714 [pool-1-thread-1] PooledByteBufAllocator - -Dio.netty.allocator.cacheTrimInterval: 8192
[DEBUG] 2024-01-14 18:00:26.714 [pool-1-thread-1] PooledByteBufAllocator - -Dio.netty.allocator.cacheTrimIntervalMillis: 0
[DEBUG] 2024-01-14 18:00:26.714 [pool-1-thread-1] PooledByteBufAllocator - -Dio.netty.allocator.useCacheForAllThreads: false
[DEBUG] 2024-01-14 18:00:26.714 [pool-1-thread-1] PooledByteBufAllocator - -Dio.netty.allocator.maxCachedByteBuffersPerChunk: 1023
[DEBUG] 2024-01-14 18:00:26.718 [pool-1-thread-1] ByteBufUtil - -Dio.netty.allocator.type: pooled
[DEBUG] 2024-01-14 18:00:26.718 [pool-1-thread-1] ByteBufUtil - -Dio.netty.threadLocalDirectBufferSize: 0
[DEBUG] 2024-01-14 18:00:26.718 [pool-1-thread-1] ByteBufUtil - -Dio.netty.maxThreadLocalCharBufferSize: 16384
[DEBUG] 2024-01-14 18:00:26.859 [AsyncHttpClient-1-2] Recycler - -Dio.netty.recycler.maxCapacityPerThread: 4096
[DEBUG] 2024-01-14 18:00:26.860 [AsyncHttpClient-1-2] Recycler - -Dio.netty.recycler.ratio: 8
[DEBUG] 2024-01-14 18:00:26.860 [AsyncHttpClient-1-2] Recycler - -Dio.netty.recycler.chunkSize: 32
[DEBUG] 2024-01-14 18:00:26.860 [AsyncHttpClient-1-2] Recycler - -Dio.netty.recycler.blocking: false
[DEBUG] 2024-01-14 18:00:26.860 [AsyncHttpClient-1-2] Recycler - -Dio.netty.recycler.batchFastThreadLocalOnly: true
[DEBUG] 2024-01-14 18:00:27.700 [AsyncHttpClient-1-2] Brotli - brotli4j not in the classpath; Brotli support will be unavailable.
  &amp#27;[32m* &amp#27;[0m&amp#27;[32mGo to n11 login page&amp#27;[0m              &amp#27;[90m# parallel.LoginSteps.goToN11()&amp#27;[0m
  &amp#27;[32m* &amp#27;[0m&amp#27;[32mUsername is entered from config&amp#27;[0m   &amp#27;[90m# parallel.LoginSteps.enterUsername()&amp#27;[0m
  &amp#27;[32m* &amp#27;[0m&amp#27;[32mPassword is entered from config&amp#27;[0m   &amp#27;[90m# parallel.LoginSteps.enterPassword()&amp#27;[0m
  &amp#27;[32m* &amp#27;[0m&amp#27;[32mClicking on sign in button&amp#27;[0m        &amp#27;[90m# parallel.LoginSteps.clickSignIn()&amp#27;[0m
  &amp#27;[31m* &amp#27;[0m&amp#27;[31mCheck that logged in successfully&amp#27;[0m &amp#27;[90m# parallel.LoginSteps.checkSuccessfullyLogin()&amp#27;[0m
      &amp#27;[31morg.openqa.selenium.NoSuchSessionException: Session ID is null. Using WebDriver after calling quit()?
Build info: version: '4.12.1', revision: '8e34639b11'
System info: os.name: 'Mac OS X', os.arch: 'aarch64', os.version: '14.1.2', java.version: '21.0.1'
Driver info: org.openqa.selenium.remote.RemoteWebDriver
Command: [null, findElement {using=xpath, value=//*[@automation='submitButton']}]
Capabilities {acceptInsecureCerts: false, browserName: chrome, browserVersion: 117.0.5938.62, chrome: {chromedriverVersion: 117.0.5938.62 (25a7172909a4..., userDataDir: /tmp/.org.chromium.Chromium...}, fedcm:accounts: true, goog:chromeOptions: {debuggerAddress: localhost:43079}, networkConnectionEnabled: false, pageLoadStrategy: normal, platformName: linux, proxy: Proxy(), se:bidiEnabled: false, se:cdp: ws://172.19.0.3:4444/sessio..., se:cdpVersion: 117.0.5938.62, se:vnc: ws://172.19.0.3:4444/sessio..., se:vncEnabled: true, se:vncLocalAddress: ws://172.19.0.3:7900, setWindowRect: true, strictFileInteractability: false, timeouts: {implicit: 0, pageLoad: 300000, script: 30000}, unhandledPromptBehavior: dismiss and notify, webauthn:extension:credBlob: true, webauthn:extension:largeBlob: true, webauthn:extension:minPinLength: true, webauthn:extension:prf: true, webauthn:virtualAuthenticators: true}
	at org.openqa.selenium.remote.HttpCommandExecutor.execute(HttpCommandExecutor.java:152)
	at org.openqa.selenium.remote.TracedCommandExecutor.execute(TracedCommandExecutor.java:51)
	at org.openqa.selenium.remote.RemoteWebDriver.execute(RemoteWebDriver.java:602)
	at org.openqa.selenium.remote.ElementLocation$ElementFinder$2.findElement(ElementLocation.java:165)
	at org.openqa.selenium.remote.ElementLocation.findElement(ElementLocation.java:59)
	at org.openqa.selenium.remote.RemoteWebDriver.findElement(RemoteWebDriver.java:359)
	at org.openqa.selenium.remote.RemoteWebDriver.findElement(RemoteWebDriver.java:353)
	at org.openqa.selenium.support.ui.ExpectedConditions$6.apply(ExpectedConditions.java:171)
	at org.openqa.selenium.support.ui.ExpectedConditions$6.apply(ExpectedConditions.java:168)
	at org.openqa.selenium.support.ui.FluentWait.until(FluentWait.java:205)
	at base.BasePage.findElement(BasePage.java:17)
	at base.BasePage.checkElementDisplayed(BasePage.java:36)
	at parallel.LoginSteps.checkSuccessfullyLogin(LoginSteps.java:67)
	at ✽.Check that logged in successfully(file:///Users/asaf/Desktop/Discipline/projects/DDevOps/seleniumAppForJenkinsSonar/src/test/java/resources/parallel/LoginTests.feature:10)
&amp#27;[0m
      &amp#27;[31morg.openqa.selenium.NoSuchSessionException: Session ID is null. Using WebDriver after calling quit()?
Build info: version: '4.12.1', revision: '8e34639b11'
System info: os.name: 'Mac OS X', os.arch: 'aarch64', os.version: '14.1.2', java.version: '21.0.1'
Driver info: org.openqa.selenium.remote.RemoteWebDriver
Command: [null, screenshot {}]
Capabilities {acceptInsecureCerts: false, browserName: chrome, browserVersion: 117.0.5938.62, chrome: {chromedriverVersion: 117.0.5938.62 (25a7172909a4..., userDataDir: /tmp/.org.chromium.Chromium...}, fedcm:accounts: true, goog:chromeOptions: {debuggerAddress: localhost:43079}, networkConnectionEnabled: false, pageLoadStrategy: normal, platformName: linux, proxy: Proxy(), se:bidiEnabled: false, se:cdp: ws://172.19.0.3:4444/sessio..., se:cdpVersion: 117.0.5938.62, se:vnc: ws://172.19.0.3:4444/sessio..., se:vncEnabled: true, se:vncLocalAddress: ws://172.19.0.3:7900, setWindowRect: true, strictFileInteractability: false, timeouts: {implicit: 0, pageLoad: 300000, script: 30000}, unhandledPromptBehavior: dismiss and notify, webauthn:extension:credBlob: true, webauthn:extension:largeBlob: true, webauthn:extension:minPinLength: true, webauthn:extension:prf: true, webauthn:virtualAuthenticators: true}
	at org.openqa.selenium.remote.HttpCommandExecutor.execute(HttpCommandExecutor.java:152)
	at org.openqa.selenium.remote.TracedCommandExecutor.execute(TracedCommandExecutor.java:51)
	at org.openqa.selenium.remote.RemoteWebDriver.execute(RemoteWebDriver.java:602)
	at org.openqa.selenium.remote.RemoteWebDriver.execute(RemoteWebDriver.java:675)
	at org.openqa.selenium.remote.RemoteWebDriver.execute(RemoteWebDriver.java:679)
	at org.openqa.selenium.remote.RemoteWebDriver.getScreenshotAs(RemoteWebDriver.java:325)
	at base.BaseTest.takeScreenshot(BaseTest.java:99)
	at base.BaseTest.tearDown(BaseTest.java:91)
&amp#27;[0m
]]></system-out>
  </testcase>
  <testcase name="Successfully Login" classname="Login Scenarios" time="0">
    <error message="Session ID is null. Using WebDriver after calling quit()?&#10;Build info: version: &apos;4.12.1&apos;, revision: &apos;8e34639b11&apos;&#10;System info: os.name: &apos;Mac OS X&apos;, os.arch: &apos;aarch64&apos;, os.version: &apos;14.1.2&apos;, java.version: &apos;21.0.1&apos;&#10;Driver info: org.openqa.selenium.remote.RemoteWebDriver&#10;Command: [null, screenshot {}]&#10;Capabilities {acceptInsecureCerts: false, browserName: chrome, browserVersion: 117.0.5938.62, chrome: {chromedriverVersion: 117.0.5938.62 (25a7172909a4..., userDataDir: /tmp/.org.chromium.Chromium...}, fedcm:accounts: true, goog:chromeOptions: {debuggerAddress: localhost:43079}, networkConnectionEnabled: false, pageLoadStrategy: normal, platformName: linux, proxy: Proxy(), se:bidiEnabled: false, se:cdp: ws://172.19.0.3:4444/sessio..., se:cdpVersion: 117.0.5938.62, se:vnc: ws://172.19.0.3:4444/sessio..., se:vncEnabled: true, se:vncLocalAddress: ws://172.19.0.3:7900, setWindowRect: true, strictFileInteractability: false, timeouts: {implicit: 0, pageLoad: 300000, script: 30000}, unhandledPromptBehavior: dismiss and notify, webauthn:extension:credBlob: true, webauthn:extension:largeBlob: true, webauthn:extension:minPinLength: true, webauthn:extension:prf: true, webauthn:virtualAuthenticators: true}" type="org.openqa.selenium.NoSuchSessionException">org.openqa.selenium.NoSuchSessionException: 
Session ID is null. Using WebDriver after calling quit()?
Build info: version: '4.12.1', revision: '8e34639b11'
System info: os.name: 'Mac OS X', os.arch: 'aarch64', os.version: '14.1.2', java.version: '21.0.1'
Driver info: org.openqa.selenium.remote.RemoteWebDriver
Command: [null, screenshot {}]
Capabilities {acceptInsecureCerts: false, browserName: chrome, browserVersion: 117.0.5938.62, chrome: {chromedriverVersion: 117.0.5938.62 (25a7172909a4..., userDataDir: /tmp/.org.chromium.Chromium...}, fedcm:accounts: true, goog:chromeOptions: {debuggerAddress: localhost:43079}, networkConnectionEnabled: false, pageLoadStrategy: normal, platformName: linux, proxy: Proxy(), se:bidiEnabled: false, se:cdp: ws://172.19.0.3:4444/sessio..., se:cdpVersion: 117.0.5938.62, se:vnc: ws://172.19.0.3:4444/sessio..., se:vncEnabled: true, se:vncLocalAddress: ws://172.19.0.3:7900, setWindowRect: true, strictFileInteractability: false, timeouts: {implicit: 0, pageLoad: 300000, script: 30000}, unhandledPromptBehavior: dismiss and notify, webauthn:extension:credBlob: true, webauthn:extension:largeBlob: true, webauthn:extension:minPinLength: true, webauthn:extension:prf: true, webauthn:virtualAuthenticators: true}
</error>
  </testcase>
</testsuite>